Flow report for cpu8
Mon Feb 19 12:58:26 2024
Quartus II 64-Bit Version 13.1.0 Build 162 10/23/2013 SJ Full Version


---------------------
; Table of Contents ;
---------------------
  1. Legal Notice
  2. Flow Summary
  3. Flow Settings
  4. Flow Non-Default Global Settings
  5. Flow Elapsed Time
  6. Flow OS Summary
  7. Flow Log
  8. Flow Messages
  9. Flow Suppressed Messages



----------------
; Legal Notice ;
----------------
Copyright (C) 1991-2013 Altera Corporation
Your use of Altera Corporation's design tools, logic functions 
and other software and tools, and its AMPP partner logic 
functions, and any output files from any of the foregoing 
(including device programming or simulation files), and any 
associated documentation or information are expressly subject 
to the terms and conditions of the Altera Program License 
Subscription Agreement, Altera MegaCore Function License 
Agreement, or other applicable license agreement, including, 
without limitation, that your use is for the sole purpose of 
programming logic devices manufactured by Altera and sold by 
Altera or its authorized distributors.  Please refer to the 
applicable agreement for further details.



+----------------------------------------------------------------------------------+
; Flow Summary                                                                     ;
+------------------------------------+---------------------------------------------+
; Flow Status                        ; Successful - Mon Feb 19 12:58:26 2024       ;
; Quartus II 64-Bit Version          ; 13.1.0 Build 162 10/23/2013 SJ Full Version ;
; Revision Name                      ; cpu8                                        ;
; Top-level Entity Name              ; cpu8                                        ;
; Family                             ; Cyclone IV E                                ;
; Device                             ; EP4CE75F29C8                                ;
; Timing Models                      ; Final                                       ;
; Total logic elements               ; 327 / 75,408 ( < 1 % )                      ;
;     Total combinational functions  ; 309 / 75,408 ( < 1 % )                      ;
;     Dedicated logic registers      ; 186 / 75,408 ( < 1 % )                      ;
; Total registers                    ; 186                                         ;
; Total pins                         ; 11 / 427 ( 3 % )                            ;
; Total virtual pins                 ; 0                                           ;
; Total memory bits                  ; 0 / 2,810,880 ( 0 % )                       ;
; Embedded Multiplier 9-bit elements ; 0 / 400 ( 0 % )                             ;
; Total PLLs                         ; 0 / 4 ( 0 % )                               ;
+------------------------------------+---------------------------------------------+


+-----------------------------------------+
; Flow Settings                           ;
+-------------------+---------------------+
; Option            ; Setting             ;
+-------------------+---------------------+
; Start date & time ; 02/19/2024 12:25:39 ;
; Main task         ; Compilation         ;
; Revision Name     ; cpu8                ;
+-------------------+---------------------+


+------------------------------------------------------------------------------------------------------------------------------------+
; Flow Non-Default Global Settings                                                                                                   ;
+--------------------------------------------+---------------------------------------+----------------+-------------+----------------+
; Assignment Name                            ; Value                                 ; Default Value  ; Entity Name ; Section Id     ;
+--------------------------------------------+---------------------------------------+----------------+-------------+----------------+
; ADV_NETLIST_OPT_SYNTH_WYSIWYG_REMAP        ; On                                    ; Off            ; --          ; --             ;
; AUTO_OPEN_DRAIN_PINS                       ; Off                                   ; On             ; --          ; --             ;
; AUTO_RAM_RECOGNITION                       ; Off                                   ; On             ; --          ; --             ;
; AUTO_ROM_RECOGNITION                       ; Off                                   ; On             ; --          ; --             ;
; COMPILER_SIGNATURE_ID                      ; 79871135613029.170831673814344        ; --             ; --          ; --             ;
; ECO_OPTIMIZE_TIMING                        ; On                                    ; Off            ; --          ; --             ;
; EDA_OUTPUT_DATA_FORMAT                     ; Verilog Hdl                           ; --             ; --          ; eda_simulation ;
; EDA_SIMULATION_TOOL                        ; ModelSim (Verilog)                    ; <None>         ; --          ; --             ;
; EDA_TIME_SCALE                             ; 1 ps                                  ; --             ; --          ; eda_simulation ;
; FINAL_PLACEMENT_OPTIMIZATION               ; Always                                ; Automatically  ; --          ; --             ;
; FITTER_AGGRESSIVE_ROUTABILITY_OPTIMIZATION ; Always                                ; Automatically  ; --          ; --             ;
; FITTER_EFFORT                              ; Standard Fit                          ; Auto Fit       ; --          ; --             ;
; FLOW_DISABLE_ASSEMBLER                     ; On                                    ; Off            ; --          ; --             ;
; FLOW_ENABLE_IO_ASSIGNMENT_ANALYSIS         ; On                                    ; Off            ; --          ; --             ;
; MAX_BALANCING_DSP_BLOCKS                   ; 0                                     ; -1 (Unlimited) ; --          ; --             ;
; MAX_CORE_JUNCTION_TEMP                     ; 85                                    ; --             ; --          ; --             ;
; MAX_GLOBAL_CLOCKS_ALLOWED                  ; 8                                     ; -1 (Unlimited) ; --          ; --             ;
; MAX_RAM_BLOCKS_M4K                         ; 0                                     ; -1 (Unlimited) ; --          ; --             ;
; MIN_CORE_JUNCTION_TEMP                     ; 0                                     ; --             ; --          ; --             ;
; NUM_PARALLEL_PROCESSORS                    ; All                                   ; --             ; --          ; --             ;
; OPTIMIZE_HOLD_TIMING                       ; IO Paths and Minimum TPD Paths        ; All Paths      ; --          ; --             ;
; PARTITION_COLOR                            ; 16764057                              ; --             ; --          ; Top            ;
; PARTITION_FITTER_PRESERVATION_LEVEL        ; PLACEMENT_AND_ROUTING                 ; --             ; --          ; Top            ;
; PARTITION_NETLIST_TYPE                     ; SOURCE                                ; --             ; --          ; Top            ;
; PHYSICAL_SYNTHESIS_COMBO_LOGIC             ; On                                    ; Off            ; --          ; --             ;
; PHYSICAL_SYNTHESIS_COMBO_LOGIC_FOR_AREA    ; On                                    ; Off            ; --          ; --             ;
; PHYSICAL_SYNTHESIS_EFFORT                  ; Extra                                 ; Normal         ; --          ; --             ;
; PLACEMENT_EFFORT_MULTIPLIER                ; 10                                    ; 1.0            ; --          ; --             ;
; POWER_BOARD_THERMAL_MODEL                  ; None (CONSERVATIVE)                   ; --             ; --          ; --             ;
; POWER_PRESET_COOLING_SOLUTION              ; 23 MM HEAT SINK WITH 200 LFPM AIRFLOW ; --             ; --          ; --             ;
; PROJECT_OUTPUT_DIRECTORY                   ; ./quartus_logs                        ; --             ; --          ; --             ;
; ROUTER_EFFORT_MULTIPLIER                   ; 10                                    ; 1.0            ; --          ; --             ;
; ROUTER_TIMING_OPTIMIZATION_LEVEL           ; MAXIMUM                               ; Normal         ; --          ; --             ;
; ROUTING_BACK_ANNOTATION_MODE               ; Off                                   ; --             ; --          ; --             ;
+--------------------------------------------+---------------------------------------+----------------+-------------+----------------+


+-------------------------------------------------------------------------------------------------------------------------------+
; Flow Elapsed Time                                                                                                             ;
+---------------------------+--------------+-------------------------+---------------------+------------------------------------+
; Module Name               ; Elapsed Time ; Average Processors Used ; Peak Virtual Memory ; Total CPU Time (on all processors) ;
+---------------------------+--------------+-------------------------+---------------------+------------------------------------+
; Analysis & Synthesis      ; 00:00:02     ; 1.0                     ; 4731 MB             ; 00:00:02                           ;
; Analysis & Elaboration    ; 00:00:02     ; 1.0                     ; 4599 MB             ; 00:00:01                           ;
; Analysis & Synthesis      ; 00:00:07     ; 1.9                     ; 4651 MB             ; 00:00:08                           ;
; Partition Merge           ; 00:00:01     ; 1.0                     ; 4656 MB             ; 00:00:01                           ;
; I/O Assignment Analysis   ; 00:00:04     ; 1.0                     ; 4919 MB             ; 00:00:04                           ;
; Fitter                    ; 00:00:26     ; 2.3                     ; 5609 MB             ; 00:00:42                           ;
; TimeQuest Timing Analyzer ; 00:00:04     ; 1.0                     ; 4741 MB             ; 00:00:03                           ;
; EDA Netlist Writer        ; 00:00:01     ; 1.0                     ; 4555 MB             ; 00:00:01                           ;
; Analysis & Synthesis      ; 00:00:03     ; 1.0                     ; 4752 MB             ; 00:00:03                           ;
; Analysis & Synthesis      ; 00:00:04     ; 1.0                     ; 4752 MB             ; 00:00:03                           ;
; Partition Merge           ; 00:00:01     ; 1.0                     ; 4650 MB             ; 00:00:01                           ;
; I/O Assignment Analysis   ; 00:00:05     ; 1.0                     ; 4919 MB             ; 00:00:04                           ;
; Fitter                    ; 00:00:27     ; 2.4                     ; 5605 MB             ; 00:00:41                           ;
; TimeQuest Timing Analyzer ; 00:00:03     ; 1.0                     ; 4749 MB             ; 00:00:02                           ;
; EDA Netlist Writer        ; 00:00:01     ; 1.0                     ; 4554 MB             ; 00:00:01                           ;
; Total                     ; 00:01:31     ; --                      ; --                  ; 00:01:57                           ;
+---------------------------+--------------+-------------------------+---------------------+------------------------------------+


+----------------------------------------------------------------------------------------+
; Flow OS Summary                                                                        ;
+---------------------------+------------------+-----------+------------+----------------+
; Module Name               ; Machine Hostname ; OS Name   ; OS Version ; Processor type ;
+---------------------------+------------------+-----------+------------+----------------+
; Analysis & Synthesis      ; jjxsoen          ; Windows 7 ; 6.2        ; x86_64         ;
; Analysis & Elaboration    ; jjxsoen          ; Windows 7 ; 6.2        ; x86_64         ;
; Analysis & Synthesis      ; jjxsoen          ; Windows 7 ; 6.2        ; x86_64         ;
; Partition Merge           ; jjxsoen          ; Windows 7 ; 6.2        ; x86_64         ;
; I/O Assignment Analysis   ; jjxsoen          ; Windows 7 ; 6.2        ; x86_64         ;
; Fitter                    ; jjxsoen          ; Windows 7 ; 6.2        ; x86_64         ;
; TimeQuest Timing Analyzer ; jjxsoen          ; Windows 7 ; 6.2        ; x86_64         ;
; EDA Netlist Writer        ; jjxsoen          ; Windows 7 ; 6.2        ; x86_64         ;
; Analysis & Synthesis      ; jjxsoen          ; Windows 7 ; 6.2        ; x86_64         ;
; Analysis & Synthesis      ; jjxsoen          ; Windows 7 ; 6.2        ; x86_64         ;
; Partition Merge           ; jjxsoen          ; Windows 7 ; 6.2        ; x86_64         ;
; I/O Assignment Analysis   ; jjxsoen          ; Windows 7 ; 6.2        ; x86_64         ;
; Fitter                    ; jjxsoen          ; Windows 7 ; 6.2        ; x86_64         ;
; TimeQuest Timing Analyzer ; jjxsoen          ; Windows 7 ; 6.2        ; x86_64         ;
; EDA Netlist Writer        ; jjxsoen          ; Windows 7 ; 6.2        ; x86_64         ;
+---------------------------+------------------+-----------+------------+----------------+


------------
; Flow Log ;
------------
quartus_map --read_settings_files=on --write_settings_files=off cpu8 -c cpu8
quartus_map --read_settings_files=on --write_settings_files=off cpu8 -c cpu8 --analysis_and_elaboration
quartus_map --read_settings_files=on --write_settings_files=off cpu8 -c cpu8
quartus_cdb --read_settings_files=off --write_settings_files=off cpu8 -c cpu8 --merge=on
quartus_fit --read_settings_files=off --write_settings_files=off cpu8 -c cpu8 --check_ios
quartus_fit --read_settings_files=off --write_settings_files=off cpu8 -c cpu8
quartus_sta cpu8 -c cpu8
quartus_eda --read_settings_files=off --write_settings_files=off cpu8 -c cpu8
quartus_map --read_settings_files=on --write_settings_files=off cpu8 -c cpu8
quartus_map --read_settings_files=on --write_settings_files=off cpu8 -c cpu8
quartus_cdb --read_settings_files=off --write_settings_files=off cpu8 -c cpu8 --merge=on
quartus_fit --read_settings_files=off --write_settings_files=off cpu8 -c cpu8 --check_ios
quartus_fit --read_settings_files=off --write_settings_files=off cpu8 -c cpu8
quartus_sta cpu8 -c cpu8
quartus_eda --read_settings_files=off --write_settings_files=off cpu8 -c cpu8



